[0.142s] DEBUG:colcon:Command line arguments: ['/usr/bin/colcon', 'build', '--packages-select', 'lab2_pkg']
[0.142s] DEBUG:colcon:Parsed command line arguments: Namespace(log_base=None, log_level=None, verb_name='build', build_base='build', install_base='install', merge_install=False, symlink_install=False, test_result_base=None, continue_on_error=False, executor='parallel', parallel_workers=4, event_handlers=None, ignore_user_meta=False, metas=['./colcon.meta'], base_paths=['.'], packages_ignore=None, packages_ignore_regex=None, paths=None, packages_up_to=None, packages_up_to_regex=None, packages_above=None, packages_above_and_dependencies=None, packages_above_depth=None, packages_select_by_dep=None, packages_skip_by_dep=None, packages_skip_up_to=None, packages_select_build_failed=False, packages_skip_build_finished=False, packages_select_test_failures=False, packages_skip_test_passed=False, packages_select=['lab2_pkg'], packages_skip=None, packages_select_regex=None, packages_skip_regex=None, packages_start=None, packages_end=None, allow_overriding=[], cmake_args=None, cmake_target=None, cmake_target_skip_unavailable=False, cmake_clean_cache=False, cmake_clean_first=False, cmake_force_configure=False, ament_cmake_args=None, catkin_cmake_args=None, catkin_skip_building_tests=False, mixin_files=None, mixin=None, verb_parser=<colcon_mixin.mixin.mixin_argument.MixinArgumentDecorator object at 0x7c392b346a40>, verb_extension=<colcon_core.verb.build.BuildVerb object at 0x7c392b346440>, main=<bound method BuildVerb.main of <colcon_core.verb.build.BuildVerb object at 0x7c392b346440>>, mixin_verb=('build',))
[0.363s] Level 1:colcon.colcon_core.package_discovery:discover_packages(colcon_meta) check parameters
[0.363s] Level 1:colcon.colcon_core.package_discovery:discover_packages(recursive) check parameters
[0.363s] Level 1:colcon.colcon_core.package_discovery:discover_packages(ignore) check parameters
[0.363s] Level 1:colcon.colcon_core.package_discovery:discover_packages(path) check parameters
[0.363s] Level 1:colcon.colcon_core.package_discovery:discover_packages(colcon_meta) discover
[0.363s] Level 1:colcon.colcon_core.package_discovery:discover_packages(recursive) discover
[0.363s] INFO:colcon.colcon_core.package_discovery:Crawling recursively for packages in '/home/barsotti/lab2_ws'
[0.363s] Level 1:colcon.colcon_core.package_identification:_identify(.) by extensions ['ignore', 'ignore_ament_install']
[0.363s] Level 1:colcon.colcon_core.package_identification:_identify(.) by extension 'ignore'
[0.364s] Level 1:colcon.colcon_core.package_identification:_identify(.) by extension 'ignore_ament_install'
[0.364s] Level 1:colcon.colcon_core.package_identification:_identify(.) by extensions ['colcon_pkg']
[0.364s] Level 1:colcon.colcon_core.package_identification:_identify(.) by extension 'colcon_pkg'
[0.364s] Level 1:colcon.colcon_core.package_identification:_identify(.) by extensions ['colcon_meta']
[0.364s] Level 1:colcon.colcon_core.package_identification:_identify(.) by extension 'colcon_meta'
[0.364s] Level 1:colcon.colcon_core.package_identification:_identify(.) by extensions ['ros']
[0.364s] Level 1:colcon.colcon_core.package_identification:_identify(.) by extension 'ros'
[0.378s] Level 1:colcon.colcon_core.package_identification:_identify(.) by extensions ['cmake', 'python']
[0.378s] Level 1:colcon.colcon_core.package_identification:_identify(.) by extension 'cmake'
[0.378s] Level 1:colcon.colcon_core.package_identification:_identify(.) by extension 'python'
[0.378s] Level 1:colcon.colcon_core.package_identification:_identify(.) by extensions ['python_setup_py']
[0.378s] Level 1:colcon.colcon_core.package_identification:_identify(.) by extension 'python_setup_py'
[0.379s] Level 1:colcon.colcon_core.package_identification:_identify(bags) by extensions ['ignore', 'ignore_ament_install']
[0.379s] Level 1:colcon.colcon_core.package_identification:_identify(bags) by extension 'ignore'
[0.379s] Level 1:colcon.colcon_core.package_identification:_identify(bags) by extension 'ignore_ament_install'
[0.379s] Level 1:colcon.colcon_core.package_identification:_identify(bags) by extensions ['colcon_pkg']
[0.379s] Level 1:colcon.colcon_core.package_identification:_identify(bags) by extension 'colcon_pkg'
[0.379s] Level 1:colcon.colcon_core.package_identification:_identify(bags) by extensions ['colcon_meta']
[0.379s] Level 1:colcon.colcon_core.package_identification:_identify(bags) by extension 'colcon_meta'
[0.379s] Level 1:colcon.colcon_core.package_identification:_identify(bags) by extensions ['ros']
[0.379s] Level 1:colcon.colcon_core.package_identification:_identify(bags) by extension 'ros'
[0.379s] Level 1:colcon.colcon_core.package_identification:_identify(bags) by extensions ['cmake', 'python']
[0.379s] Level 1:colcon.colcon_core.package_identification:_identify(bags) by extension 'cmake'
[0.380s] Level 1:colcon.colcon_core.package_identification:_identify(bags) by extension 'python'
[0.380s] Level 1:colcon.colcon_core.package_identification:_identify(bags) by extensions ['python_setup_py']
[0.380s] Level 1:colcon.colcon_core.package_identification:_identify(bags) by extension 'python_setup_py'
[0.380s] Level 1:colcon.colcon_core.package_identification:_identify(bags/backup_collision) by extensions ['ignore', 'ignore_ament_install']
[0.380s] Level 1:colcon.colcon_core.package_identification:_identify(bags/backup_collision) by extension 'ignore'
[0.380s] Level 1:colcon.colcon_core.package_identification:_identify(bags/backup_collision) by extension 'ignore_ament_install'
[0.380s] Level 1:colcon.colcon_core.package_identification:_identify(bags/backup_collision) by extensions ['colcon_pkg']
[0.380s] Level 1:colcon.colcon_core.package_identification:_identify(bags/backup_collision) by extension 'colcon_pkg'
[0.380s] Level 1:colcon.colcon_core.package_identification:_identify(bags/backup_collision) by extensions ['colcon_meta']
[0.380s] Level 1:colcon.colcon_core.package_identification:_identify(bags/backup_collision) by extension 'colcon_meta'
[0.381s] Level 1:colcon.colcon_core.package_identification:_identify(bags/backup_collision) by extensions ['ros']
[0.381s] Level 1:colcon.colcon_core.package_identification:_identify(bags/backup_collision) by extension 'ros'
[0.381s] Level 1:colcon.colcon_core.package_identification:_identify(bags/backup_collision) by extensions ['cmake', 'python']
[0.381s] Level 1:colcon.colcon_core.package_identification:_identify(bags/backup_collision) by extension 'cmake'
[0.381s] Level 1:colcon.colcon_core.package_identification:_identify(bags/backup_collision) by extension 'python'
[0.381s] Level 1:colcon.colcon_core.package_identification:_identify(bags/backup_collision) by extensions ['python_setup_py']
[0.381s] Level 1:colcon.colcon_core.package_identification:_identify(bags/backup_collision) by extension 'python_setup_py'
[0.381s] Level 1:colcon.colcon_core.package_identification:_identify(bags/curve_left_v3) by extensions ['ignore', 'ignore_ament_install']
[0.381s] Level 1:colcon.colcon_core.package_identification:_identify(bags/curve_left_v3) by extension 'ignore'
[0.381s] Level 1:colcon.colcon_core.package_identification:_identify(bags/curve_left_v3) by extension 'ignore_ament_install'
[0.381s] Level 1:colcon.colcon_core.package_identification:_identify(bags/curve_left_v3) by extensions ['colcon_pkg']
[0.382s] Level 1:colcon.colcon_core.package_identification:_identify(bags/curve_left_v3) by extension 'colcon_pkg'
[0.382s] Level 1:colcon.colcon_core.package_identification:_identify(bags/curve_left_v3) by extensions ['colcon_meta']
[0.382s] Level 1:colcon.colcon_core.package_identification:_identify(bags/curve_left_v3) by extension 'colcon_meta'
[0.382s] Level 1:colcon.colcon_core.package_identification:_identify(bags/curve_left_v3) by extensions ['ros']
[0.382s] Level 1:colcon.colcon_core.package_identification:_identify(bags/curve_left_v3) by extension 'ros'
[0.382s] Level 1:colcon.colcon_core.package_identification:_identify(bags/curve_left_v3) by extensions ['cmake', 'python']
[0.382s] Level 1:colcon.colcon_core.package_identification:_identify(bags/curve_left_v3) by extension 'cmake'
[0.382s] Level 1:colcon.colcon_core.package_identification:_identify(bags/curve_left_v3) by extension 'python'
[0.382s] Level 1:colcon.colcon_core.package_identification:_identify(bags/curve_left_v3) by extensions ['python_setup_py']
[0.382s] Level 1:colcon.colcon_core.package_identification:_identify(bags/curve_left_v3) by extension 'python_setup_py'
[0.382s] Level 1:colcon.colcon_core.package_identification:_identify(bags/curve_right) by extensions ['ignore', 'ignore_ament_install']
[0.383s] Level 1:colcon.colcon_core.package_identification:_identify(bags/curve_right) by extension 'ignore'
[0.383s] Level 1:colcon.colcon_core.package_identification:_identify(bags/curve_right) by extension 'ignore_ament_install'
[0.383s] Level 1:colcon.colcon_core.package_identification:_identify(bags/curve_right) by extensions ['colcon_pkg']
[0.383s] Level 1:colcon.colcon_core.package_identification:_identify(bags/curve_right) by extension 'colcon_pkg'
[0.383s] Level 1:colcon.colcon_core.package_identification:_identify(bags/curve_right) by extensions ['colcon_meta']
[0.383s] Level 1:colcon.colcon_core.package_identification:_identify(bags/curve_right) by extension 'colcon_meta'
[0.383s] Level 1:colcon.colcon_core.package_identification:_identify(bags/curve_right) by extensions ['ros']
[0.383s] Level 1:colcon.colcon_core.package_identification:_identify(bags/curve_right) by extension 'ros'
[0.383s] Level 1:colcon.colcon_core.package_identification:_identify(bags/curve_right) by extensions ['cmake', 'python']
[0.383s] Level 1:colcon.colcon_core.package_identification:_identify(bags/curve_right) by extension 'cmake'
[0.383s] Level 1:colcon.colcon_core.package_identification:_identify(bags/curve_right) by extension 'python'
[0.383s] Level 1:colcon.colcon_core.package_identification:_identify(bags/curve_right) by extensions ['python_setup_py']
[0.384s] Level 1:colcon.colcon_core.package_identification:_identify(bags/curve_right) by extension 'python_setup_py'
[0.384s] Level 1:colcon.colcon_core.package_identification:_identify(bags/frontal_collision2) by extensions ['ignore', 'ignore_ament_install']
[0.384s] Level 1:colcon.colcon_core.package_identification:_identify(bags/frontal_collision2) by extension 'ignore'
[0.384s] Level 1:colcon.colcon_core.package_identification:_identify(bags/frontal_collision2) by extension 'ignore_ament_install'
[0.384s] Level 1:colcon.colcon_core.package_identification:_identify(bags/frontal_collision2) by extensions ['colcon_pkg']
[0.384s] Level 1:colcon.colcon_core.package_identification:_identify(bags/frontal_collision2) by extension 'colcon_pkg'
[0.384s] Level 1:colcon.colcon_core.package_identification:_identify(bags/frontal_collision2) by extensions ['colcon_meta']
[0.384s] Level 1:colcon.colcon_core.package_identification:_identify(bags/frontal_collision2) by extension 'colcon_meta'
[0.384s] Level 1:colcon.colcon_core.package_identification:_identify(bags/frontal_collision2) by extensions ['ros']
[0.384s] Level 1:colcon.colcon_core.package_identification:_identify(bags/frontal_collision2) by extension 'ros'
[0.385s] Level 1:colcon.colcon_core.package_identification:_identify(bags/frontal_collision2) by extensions ['cmake', 'python']
[0.385s] Level 1:colcon.colcon_core.package_identification:_identify(bags/frontal_collision2) by extension 'cmake'
[0.385s] Level 1:colcon.colcon_core.package_identification:_identify(bags/frontal_collision2) by extension 'python'
[0.385s] Level 1:colcon.colcon_core.package_identification:_identify(bags/frontal_collision2) by extensions ['python_setup_py']
[0.385s] Level 1:colcon.colcon_core.package_identification:_identify(bags/frontal_collision2) by extension 'python_setup_py'
[0.385s] Level 1:colcon.colcon_core.package_identification:_identify(bags/lateral_collision_left_v2) by extensions ['ignore', 'ignore_ament_install']
[0.385s] Level 1:colcon.colcon_core.package_identification:_identify(bags/lateral_collision_left_v2) by extension 'ignore'
[0.385s] Level 1:colcon.colcon_core.package_identification:_identify(bags/lateral_collision_left_v2) by extension 'ignore_ament_install'
[0.385s] Level 1:colcon.colcon_core.package_identification:_identify(bags/lateral_collision_left_v2) by extensions ['colcon_pkg']
[0.385s] Level 1:colcon.colcon_core.package_identification:_identify(bags/lateral_collision_left_v2) by extension 'colcon_pkg'
[0.386s] Level 1:colcon.colcon_core.package_identification:_identify(bags/lateral_collision_left_v2) by extensions ['colcon_meta']
[0.386s] Level 1:colcon.colcon_core.package_identification:_identify(bags/lateral_collision_left_v2) by extension 'colcon_meta'
[0.386s] Level 1:colcon.colcon_core.package_identification:_identify(bags/lateral_collision_left_v2) by extensions ['ros']
[0.386s] Level 1:colcon.colcon_core.package_identification:_identify(bags/lateral_collision_left_v2) by extension 'ros'
[0.386s] Level 1:colcon.colcon_core.package_identification:_identify(bags/lateral_collision_left_v2) by extensions ['cmake', 'python']
[0.386s] Level 1:colcon.colcon_core.package_identification:_identify(bags/lateral_collision_left_v2) by extension 'cmake'
[0.386s] Level 1:colcon.colcon_core.package_identification:_identify(bags/lateral_collision_left_v2) by extension 'python'
[0.386s] Level 1:colcon.colcon_core.package_identification:_identify(bags/lateral_collision_left_v2) by extensions ['python_setup_py']
[0.386s] Level 1:colcon.colcon_core.package_identification:_identify(bags/lateral_collision_left_v2) by extension 'python_setup_py'
[0.386s] Level 1:colcon.colcon_core.package_identification:_identify(bags/lateral_collision_right) by extensions ['ignore', 'ignore_ament_install']
[0.387s] Level 1:colcon.colcon_core.package_identification:_identify(bags/lateral_collision_right) by extension 'ignore'
[0.387s] Level 1:colcon.colcon_core.package_identification:_identify(bags/lateral_collision_right) by extension 'ignore_ament_install'
[0.387s] Level 1:colcon.colcon_core.package_identification:_identify(bags/lateral_collision_right) by extensions ['colcon_pkg']
[0.387s] Level 1:colcon.colcon_core.package_identification:_identify(bags/lateral_collision_right) by extension 'colcon_pkg'
[0.387s] Level 1:colcon.colcon_core.package_identification:_identify(bags/lateral_collision_right) by extensions ['colcon_meta']
[0.387s] Level 1:colcon.colcon_core.package_identification:_identify(bags/lateral_collision_right) by extension 'colcon_meta'
[0.387s] Level 1:colcon.colcon_core.package_identification:_identify(bags/lateral_collision_right) by extensions ['ros']
[0.387s] Level 1:colcon.colcon_core.package_identification:_identify(bags/lateral_collision_right) by extension 'ros'
[0.387s] Level 1:colcon.colcon_core.package_identification:_identify(bags/lateral_collision_right) by extensions ['cmake', 'python']
[0.387s] Level 1:colcon.colcon_core.package_identification:_identify(bags/lateral_collision_right) by extension 'cmake'
[0.387s] Level 1:colcon.colcon_core.package_identification:_identify(bags/lateral_collision_right) by extension 'python'
[0.387s] Level 1:colcon.colcon_core.package_identification:_identify(bags/lateral_collision_right) by extensions ['python_setup_py']
[0.388s] Level 1:colcon.colcon_core.package_identification:_identify(bags/lateral_collision_right) by extension 'python_setup_py'
[0.388s] Level 1:colcon.colcon_core.package_identification:_identify(bags/moving_forward_car) by extensions ['ignore', 'ignore_ament_install']
[0.388s] Level 1:colcon.colcon_core.package_identification:_identify(bags/moving_forward_car) by extension 'ignore'
[0.388s] Level 1:colcon.colcon_core.package_identification:_identify(bags/moving_forward_car) by extension 'ignore_ament_install'
[0.388s] Level 1:colcon.colcon_core.package_identification:_identify(bags/moving_forward_car) by extensions ['colcon_pkg']
[0.388s] Level 1:colcon.colcon_core.package_identification:_identify(bags/moving_forward_car) by extension 'colcon_pkg'
[0.388s] Level 1:colcon.colcon_core.package_identification:_identify(bags/moving_forward_car) by extensions ['colcon_meta']
[0.388s] Level 1:colcon.colcon_core.package_identification:_identify(bags/moving_forward_car) by extension 'colcon_meta'
[0.388s] Level 1:colcon.colcon_core.package_identification:_identify(bags/moving_forward_car) by extensions ['ros']
[0.388s] Level 1:colcon.colcon_core.package_identification:_identify(bags/moving_forward_car) by extension 'ros'
[0.389s] Level 1:colcon.colcon_core.package_identification:_identify(bags/moving_forward_car) by extensions ['cmake', 'python']
[0.389s] Level 1:colcon.colcon_core.package_identification:_identify(bags/moving_forward_car) by extension 'cmake'
[0.389s] Level 1:colcon.colcon_core.package_identification:_identify(bags/moving_forward_car) by extension 'python'
[0.389s] Level 1:colcon.colcon_core.package_identification:_identify(bags/moving_forward_car) by extensions ['python_setup_py']
[0.389s] Level 1:colcon.colcon_core.package_identification:_identify(bags/moving_forward_car) by extension 'python_setup_py'
[0.389s] Level 1:colcon.colcon_core.package_identification:_identify(bags/stopped_car_v2) by extensions ['ignore', 'ignore_ament_install']
[0.389s] Level 1:colcon.colcon_core.package_identification:_identify(bags/stopped_car_v2) by extension 'ignore'
[0.389s] Level 1:colcon.colcon_core.package_identification:_identify(bags/stopped_car_v2) by extension 'ignore_ament_install'
[0.389s] Level 1:colcon.colcon_core.package_identification:_identify(bags/stopped_car_v2) by extensions ['colcon_pkg']
[0.390s] Level 1:colcon.colcon_core.package_identification:_identify(bags/stopped_car_v2) by extension 'colcon_pkg'
[0.390s] Level 1:colcon.colcon_core.package_identification:_identify(bags/stopped_car_v2) by extensions ['colcon_meta']
[0.390s] Level 1:colcon.colcon_core.package_identification:_identify(bags/stopped_car_v2) by extension 'colcon_meta'
[0.390s] Level 1:colcon.colcon_core.package_identification:_identify(bags/stopped_car_v2) by extensions ['ros']
[0.390s] Level 1:colcon.colcon_core.package_identification:_identify(bags/stopped_car_v2) by extension 'ros'
[0.390s] Level 1:colcon.colcon_core.package_identification:_identify(bags/stopped_car_v2) by extensions ['cmake', 'python']
[0.390s] Level 1:colcon.colcon_core.package_identification:_identify(bags/stopped_car_v2) by extension 'cmake'
[0.390s] Level 1:colcon.colcon_core.package_identification:_identify(bags/stopped_car_v2) by extension 'python'
[0.390s] Level 1:colcon.colcon_core.package_identification:_identify(bags/stopped_car_v2) by extensions ['python_setup_py']
[0.390s] Level 1:colcon.colcon_core.package_identification:_identify(bags/stopped_car_v2) by extension 'python_setup_py'
[0.390s] Level 1:colcon.colcon_core.package_identification:_identify(build) by extensions ['ignore', 'ignore_ament_install']
[0.391s] Level 1:colcon.colcon_core.package_identification:_identify(build) by extension 'ignore'
[0.391s] Level 1:colcon.colcon_core.package_identification:_identify(build) ignored
[0.391s] Level 1:colcon.colcon_core.package_identification:_identify(install) by extensions ['ignore', 'ignore_ament_install']
[0.391s] Level 1:colcon.colcon_core.package_identification:_identify(install) by extension 'ignore'
[0.391s] Level 1:colcon.colcon_core.package_identification:_identify(install) ignored
[0.391s] Level 1:colcon.colcon_core.package_identification:_identify(log) by extensions ['ignore', 'ignore_ament_install']
[0.392s] Level 1:colcon.colcon_core.package_identification:_identify(log) by extension 'ignore'
[0.392s] Level 1:colcon.colcon_core.package_identification:_identify(log) ignored
[0.392s] Level 1:colcon.colcon_core.package_identification:_identify(src) by extensions ['ignore', 'ignore_ament_install']
[0.392s] Level 1:colcon.colcon_core.package_identification:_identify(src) by extension 'ignore'
[0.392s] Level 1:colcon.colcon_core.package_identification:_identify(src) by extension 'ignore_ament_install'
[0.392s] Level 1:colcon.colcon_core.package_identification:_identify(src) by extensions ['colcon_pkg']
[0.392s] Level 1:colcon.colcon_core.package_identification:_identify(src) by extension 'colcon_pkg'
[0.392s] Level 1:colcon.colcon_core.package_identification:_identify(src) by extensions ['colcon_meta']
[0.392s] Level 1:colcon.colcon_core.package_identification:_identify(src) by extension 'colcon_meta'
[0.392s] Level 1:colcon.colcon_core.package_identification:_identify(src) by extensions ['ros']
[0.392s] Level 1:colcon.colcon_core.package_identification:_identify(src) by extension 'ros'
[0.393s] Level 1:colcon.colcon_core.package_identification:_identify(src) by extensions ['cmake', 'python']
[0.393s] Level 1:colcon.colcon_core.package_identification:_identify(src) by extension 'cmake'
[0.393s] Level 1:colcon.colcon_core.package_identification:_identify(src) by extension 'python'
[0.393s] Level 1:colcon.colcon_core.package_identification:_identify(src) by extensions ['python_setup_py']
[0.393s] Level 1:colcon.colcon_core.package_identification:_identify(src) by extension 'python_setup_py'
[0.393s] Level 1:colcon.colcon_core.package_identification:_identify(src/f1tenth_gym_ros) by extensions ['ignore', 'ignore_ament_install']
[0.393s] Level 1:colcon.colcon_core.package_identification:_identify(src/f1tenth_gym_ros) by extension 'ignore'
[0.393s] Level 1:colcon.colcon_core.package_identification:_identify(src/f1tenth_gym_ros) by extension 'ignore_ament_install'
[0.393s] Level 1:colcon.colcon_core.package_identification:_identify(src/f1tenth_gym_ros) by extensions ['colcon_pkg']
[0.393s] Level 1:colcon.colcon_core.package_identification:_identify(src/f1tenth_gym_ros) by extension 'colcon_pkg'
[0.394s] Level 1:colcon.colcon_core.package_identification:_identify(src/f1tenth_gym_ros) by extensions ['colcon_meta']
[0.394s] Level 1:colcon.colcon_core.package_identification:_identify(src/f1tenth_gym_ros) by extension 'colcon_meta'
[0.394s] Level 1:colcon.colcon_core.package_identification:_identify(src/f1tenth_gym_ros) by extensions ['ros']
[0.394s] Level 1:colcon.colcon_core.package_identification:_identify(src/f1tenth_gym_ros) by extension 'ros'
[0.394s] Level 1:colcon.colcon_core.package_identification:_identify(src/f1tenth_gym_ros) by extensions ['cmake', 'python']
[0.394s] Level 1:colcon.colcon_core.package_identification:_identify(src/f1tenth_gym_ros) by extension 'cmake'
[0.394s] Level 1:colcon.colcon_core.package_identification:_identify(src/f1tenth_gym_ros) by extension 'python'
[0.394s] Level 1:colcon.colcon_core.package_identification:_identify(src/f1tenth_gym_ros) by extensions ['python_setup_py']
[0.394s] Level 1:colcon.colcon_core.package_identification:_identify(src/f1tenth_gym_ros) by extension 'python_setup_py'
[0.394s] Level 1:colcon.colcon_core.package_identification:_identify(src/lab2_pkg) by extensions ['ignore', 'ignore_ament_install']
[0.395s] Level 1:colcon.colcon_core.package_identification:_identify(src/lab2_pkg) by extension 'ignore'
[0.395s] Level 1:colcon.colcon_core.package_identification:_identify(src/lab2_pkg) by extension 'ignore_ament_install'
[0.395s] Level 1:colcon.colcon_core.package_identification:_identify(src/lab2_pkg) by extensions ['colcon_pkg']
[0.395s] Level 1:colcon.colcon_core.package_identification:_identify(src/lab2_pkg) by extension 'colcon_pkg'
[0.395s] Level 1:colcon.colcon_core.package_identification:_identify(src/lab2_pkg) by extensions ['colcon_meta']
[0.395s] Level 1:colcon.colcon_core.package_identification:_identify(src/lab2_pkg) by extension 'colcon_meta'
[0.395s] Level 1:colcon.colcon_core.package_identification:_identify(src/lab2_pkg) by extensions ['ros']
[0.395s] Level 1:colcon.colcon_core.package_identification:_identify(src/lab2_pkg) by extension 'ros'
[0.398s] DEBUG:colcon.colcon_core.package_identification:Package 'src/lab2_pkg' with type 'ros.ament_cmake' and name 'lab2_pkg'
[0.398s] Level 1:colcon.colcon_core.package_discovery:discover_packages(recursive) using defaults
[0.399s] Level 1:colcon.colcon_core.package_discovery:discover_packages(ignore) discover
[0.399s] Level 1:colcon.colcon_core.package_discovery:discover_packages(ignore) using defaults
[0.399s] Level 1:colcon.colcon_core.package_discovery:discover_packages(path) discover
[0.399s] Level 1:colcon.colcon_core.package_discovery:discover_packages(path) using defaults
[0.436s] Level 1:colcon.colcon_core.package_discovery:discover_packages(prefix_path) check parameters
[0.436s] Level 1:colcon.colcon_core.package_discovery:discover_packages(prefix_path) discover
[0.438s] DEBUG:colcon.colcon_installed_package_information.package_discovery:Found 1 installed packages in /home/barsotti/lab2_ws/install
[0.440s] DEBUG:colcon.colcon_installed_package_information.package_discovery:Found 314 installed packages in /opt/ros/iron
[0.442s] Level 1:colcon.colcon_core.package_discovery:discover_packages(prefix_path) using defaults
[0.503s] Level 5:colcon.colcon_core.verb:set package 'lab2_pkg' build argument 'cmake_args' from command line to 'None'
[0.503s] Level 5:colcon.colcon_core.verb:set package 'lab2_pkg' build argument 'cmake_target' from command line to 'None'
[0.503s] Level 5:colcon.colcon_core.verb:set package 'lab2_pkg' build argument 'cmake_target_skip_unavailable' from command line to 'False'
[0.503s] Level 5:colcon.colcon_core.verb:set package 'lab2_pkg' build argument 'cmake_clean_cache' from command line to 'False'
[0.503s] Level 5:colcon.colcon_core.verb:set package 'lab2_pkg' build argument 'cmake_clean_first' from command line to 'False'
[0.503s] Level 5:colcon.colcon_core.verb:set package 'lab2_pkg' build argument 'cmake_force_configure' from command line to 'False'
[0.503s] Level 5:colcon.colcon_core.verb:set package 'lab2_pkg' build argument 'ament_cmake_args' from command line to 'None'
[0.503s] Level 5:colcon.colcon_core.verb:set package 'lab2_pkg' build argument 'catkin_cmake_args' from command line to 'None'
[0.503s] Level 5:colcon.colcon_core.verb:set package 'lab2_pkg' build argument 'catkin_skip_building_tests' from command line to 'False'
[0.503s] DEBUG:colcon.colcon_core.verb:Building package 'lab2_pkg' with the following arguments: {'ament_cmake_args': None, 'build_base': '/home/barsotti/lab2_ws/build/lab2_pkg', 'catkin_cmake_args': None, 'catkin_skip_building_tests': False, 'cmake_args': None, 'cmake_clean_cache': False, 'cmake_clean_first': False, 'cmake_force_configure': False, 'cmake_target': None, 'cmake_target_skip_unavailable': False, 'install_base': '/home/barsotti/lab2_ws/install/lab2_pkg', 'merge_install': False, 'path': '/home/barsotti/lab2_ws/src/lab2_pkg', 'symlink_install': False, 'test_result_base': None}
[0.504s] INFO:colcon.colcon_core.executor:Executing jobs using 'parallel' executor
[0.505s] DEBUG:colcon.colcon_parallel_executor.executor.parallel:run_until_complete
[0.505s] INFO:colcon.colcon_ros.task.ament_cmake.build:Building ROS package in '/home/barsotti/lab2_ws/src/lab2_pkg' with build type 'ament_cmake'
[0.506s] INFO:colcon.colcon_cmake.task.cmake.build:Building CMake package in '/home/barsotti/lab2_ws/src/lab2_pkg'
[0.508s] INFO:colcon.colcon_core.plugin_system:Skipping extension 'colcon_core.shell.bat': Not used on non-Windows systems
[0.508s] INFO:colcon.colcon_core.shell:Skip shell extension 'powershell' for command environment: Not usable outside of PowerShell
[0.509s] DEBUG:colcon.colcon_core.shell:Skip shell extension 'dsv' for command environment
[0.522s] DEBUG:colcon.colcon_core.event_handler.log_command:Invoking command in '/home/barsotti/lab2_ws/build/lab2_pkg': CMAKE_PREFIX_PATH=${CMAKE_PREFIX_PATH}:/opt/ros/iron /usr/bin/cmake --build /home/barsotti/lab2_ws/build/lab2_pkg -- -j4 -l4
[0.997s] DEBUG:colcon.colcon_core.event_handler.log_command:Invoked command in '/home/barsotti/lab2_ws/build/lab2_pkg' returned '0': CMAKE_PREFIX_PATH=${CMAKE_PREFIX_PATH}:/opt/ros/iron /usr/bin/cmake --build /home/barsotti/lab2_ws/build/lab2_pkg -- -j4 -l4
[1.042s] DEBUG:colcon.colcon_core.event_handler.log_command:Invoking command in '/home/barsotti/lab2_ws/build/lab2_pkg': CMAKE_PREFIX_PATH=${CMAKE_PREFIX_PATH}:/opt/ros/iron /usr/bin/cmake --install /home/barsotti/lab2_ws/build/lab2_pkg
[1.100s] Level 1:colcon.colcon_core.environment:create_environment_scripts_only(lab2_pkg)
[1.101s] DEBUG:colcon.colcon_core.event_handler.log_command:Invoked command in '/home/barsotti/lab2_ws/build/lab2_pkg' returned '0': CMAKE_PREFIX_PATH=${CMAKE_PREFIX_PATH}:/opt/ros/iron /usr/bin/cmake --install /home/barsotti/lab2_ws/build/lab2_pkg
[1.105s] Level 1:colcon.colcon_core.environment:checking '/home/barsotti/lab2_ws/install/lab2_pkg' for CMake module files
[1.106s] Level 1:colcon.colcon_core.environment:checking '/home/barsotti/lab2_ws/install/lab2_pkg' for CMake config files
[1.107s] Level 1:colcon.colcon_core.shell:create_environment_hook('lab2_pkg', 'cmake_prefix_path')
[1.107s] INFO:colcon.colcon_core.shell:Creating environment hook '/home/barsotti/lab2_ws/install/lab2_pkg/share/lab2_pkg/hook/cmake_prefix_path.ps1'
[1.108s] INFO:colcon.colcon_core.shell:Creating environment descriptor '/home/barsotti/lab2_ws/install/lab2_pkg/share/lab2_pkg/hook/cmake_prefix_path.dsv'
[1.109s] INFO:colcon.colcon_core.shell:Creating environment hook '/home/barsotti/lab2_ws/install/lab2_pkg/share/lab2_pkg/hook/cmake_prefix_path.sh'
[1.110s] Level 1:colcon.colcon_core.environment:checking '/home/barsotti/lab2_ws/install/lab2_pkg/lib'
[1.111s] Level 1:colcon.colcon_core.environment:checking '/home/barsotti/lab2_ws/install/lab2_pkg/bin'
[1.111s] Level 1:colcon.colcon_core.environment:checking '/home/barsotti/lab2_ws/install/lab2_pkg/lib/pkgconfig/lab2_pkg.pc'
[1.111s] Level 1:colcon.colcon_core.environment:checking '/home/barsotti/lab2_ws/install/lab2_pkg/lib/python3.10/site-packages'
[1.111s] Level 1:colcon.colcon_core.shell:create_environment_hook('lab2_pkg', 'pythonpath')
[1.112s] INFO:colcon.colcon_core.shell:Creating environment hook '/home/barsotti/lab2_ws/install/lab2_pkg/share/lab2_pkg/hook/pythonpath.ps1'
[1.112s] INFO:colcon.colcon_core.shell:Creating environment descriptor '/home/barsotti/lab2_ws/install/lab2_pkg/share/lab2_pkg/hook/pythonpath.dsv'
[1.113s] INFO:colcon.colcon_core.shell:Creating environment hook '/home/barsotti/lab2_ws/install/lab2_pkg/share/lab2_pkg/hook/pythonpath.sh'
[1.114s] Level 1:colcon.colcon_core.environment:checking '/home/barsotti/lab2_ws/install/lab2_pkg/bin'
[1.115s] INFO:colcon.colcon_core.shell:Creating package script '/home/barsotti/lab2_ws/install/lab2_pkg/share/lab2_pkg/package.ps1'
[1.116s] INFO:colcon.colcon_core.shell:Creating package descriptor '/home/barsotti/lab2_ws/install/lab2_pkg/share/lab2_pkg/package.dsv'
[1.117s] INFO:colcon.colcon_core.shell:Creating package script '/home/barsotti/lab2_ws/install/lab2_pkg/share/lab2_pkg/package.sh'
[1.118s] INFO:colcon.colcon_core.shell:Creating package script '/home/barsotti/lab2_ws/install/lab2_pkg/share/lab2_pkg/package.bash'
[1.119s] INFO:colcon.colcon_core.shell:Creating package script '/home/barsotti/lab2_ws/install/lab2_pkg/share/lab2_pkg/package.zsh'
[1.120s] Level 1:colcon.colcon_core.environment:create_file_with_runtime_dependencies(/home/barsotti/lab2_ws/install/lab2_pkg/share/colcon-core/packages/lab2_pkg)
[1.151s] Level 1:colcon.colcon_core.environment:create_environment_scripts_only(lab2_pkg)
[1.152s] Level 1:colcon.colcon_core.environment:checking '/home/barsotti/lab2_ws/install/lab2_pkg' for CMake module files
[1.152s] Level 1:colcon.colcon_core.environment:checking '/home/barsotti/lab2_ws/install/lab2_pkg' for CMake config files
[1.153s] Level 1:colcon.colcon_core.shell:create_environment_hook('lab2_pkg', 'cmake_prefix_path')
[1.153s] INFO:colcon.colcon_core.shell:Creating environment hook '/home/barsotti/lab2_ws/install/lab2_pkg/share/lab2_pkg/hook/cmake_prefix_path.ps1'
[1.154s] INFO:colcon.colcon_core.shell:Creating environment descriptor '/home/barsotti/lab2_ws/install/lab2_pkg/share/lab2_pkg/hook/cmake_prefix_path.dsv'
[1.154s] INFO:colcon.colcon_core.shell:Creating environment hook '/home/barsotti/lab2_ws/install/lab2_pkg/share/lab2_pkg/hook/cmake_prefix_path.sh'
[1.155s] Level 1:colcon.colcon_core.environment:checking '/home/barsotti/lab2_ws/install/lab2_pkg/lib'
[1.155s] Level 1:colcon.colcon_core.environment:checking '/home/barsotti/lab2_ws/install/lab2_pkg/bin'
[1.155s] Level 1:colcon.colcon_core.environment:checking '/home/barsotti/lab2_ws/install/lab2_pkg/lib/pkgconfig/lab2_pkg.pc'
[1.155s] Level 1:colcon.colcon_core.environment:checking '/home/barsotti/lab2_ws/install/lab2_pkg/lib/python3.10/site-packages'
[1.156s] Level 1:colcon.colcon_core.shell:create_environment_hook('lab2_pkg', 'pythonpath')
[1.156s] INFO:colcon.colcon_core.shell:Creating environment hook '/home/barsotti/lab2_ws/install/lab2_pkg/share/lab2_pkg/hook/pythonpath.ps1'
[1.156s] INFO:colcon.colcon_core.shell:Creating environment descriptor '/home/barsotti/lab2_ws/install/lab2_pkg/share/lab2_pkg/hook/pythonpath.dsv'
[1.157s] INFO:colcon.colcon_core.shell:Creating environment hook '/home/barsotti/lab2_ws/install/lab2_pkg/share/lab2_pkg/hook/pythonpath.sh'
[1.158s] Level 1:colcon.colcon_core.environment:checking '/home/barsotti/lab2_ws/install/lab2_pkg/bin'
[1.158s] INFO:colcon.colcon_core.shell:Creating package script '/home/barsotti/lab2_ws/install/lab2_pkg/share/lab2_pkg/package.ps1'
[1.159s] INFO:colcon.colcon_core.shell:Creating package descriptor '/home/barsotti/lab2_ws/install/lab2_pkg/share/lab2_pkg/package.dsv'
[1.160s] INFO:colcon.colcon_core.shell:Creating package script '/home/barsotti/lab2_ws/install/lab2_pkg/share/lab2_pkg/package.sh'
[1.160s] INFO:colcon.colcon_core.shell:Creating package script '/home/barsotti/lab2_ws/install/lab2_pkg/share/lab2_pkg/package.bash'
[1.161s] INFO:colcon.colcon_core.shell:Creating package script '/home/barsotti/lab2_ws/install/lab2_pkg/share/lab2_pkg/package.zsh'
[1.161s] Level 1:colcon.colcon_core.environment:create_file_with_runtime_dependencies(/home/barsotti/lab2_ws/install/lab2_pkg/share/colcon-core/packages/lab2_pkg)
[1.162s] DEBUG:colcon.colcon_parallel_executor.executor.parallel:closing loop
[1.162s] DEBUG:colcon.colcon_parallel_executor.executor.parallel:loop closed
[1.162s] DEBUG:colcon.colcon_parallel_executor.executor.parallel:run_until_complete finished with '0'
[1.163s] DEBUG:colcon.colcon_core.event_reactor:joining thread
[1.169s] INFO:colcon.colcon_core.plugin_system:Skipping extension 'colcon_notification.desktop_notification.terminal_notifier': Not used on non-Darwin systems
[1.169s] INFO:colcon.colcon_core.plugin_system:Skipping extension 'colcon_notification.desktop_notification.win32': Not used on non-Windows systems
[1.169s] INFO:colcon.colcon_notification.desktop_notification:Sending desktop notification using 'notify2'
[1.183s] DEBUG:colcon.colcon_core.event_reactor:joined thread
[1.183s] INFO:colcon.colcon_core.shell:Creating prefix script '/home/barsotti/lab2_ws/install/local_setup.ps1'
[1.185s] INFO:colcon.colcon_core.shell:Creating prefix util module '/home/barsotti/lab2_ws/install/_local_setup_util_ps1.py'
[1.188s] INFO:colcon.colcon_core.shell:Creating prefix chain script '/home/barsotti/lab2_ws/install/setup.ps1'
[1.190s] INFO:colcon.colcon_core.shell:Creating prefix script '/home/barsotti/lab2_ws/install/local_setup.sh'
[1.191s] INFO:colcon.colcon_core.shell:Creating prefix util module '/home/barsotti/lab2_ws/install/_local_setup_util_sh.py'
[1.192s] INFO:colcon.colcon_core.shell:Creating prefix chain script '/home/barsotti/lab2_ws/install/setup.sh'
[1.193s] INFO:colcon.colcon_core.shell:Creating prefix script '/home/barsotti/lab2_ws/install/local_setup.bash'
[1.195s] INFO:colcon.colcon_core.shell:Creating prefix chain script '/home/barsotti/lab2_ws/install/setup.bash'
[1.196s] INFO:colcon.colcon_core.shell:Creating prefix script '/home/barsotti/lab2_ws/install/local_setup.zsh'
[1.197s] INFO:colcon.colcon_core.shell:Creating prefix chain script '/home/barsotti/lab2_ws/install/setup.zsh'
