[0.033s] Invoking command in '/home/barsotti/lab2_ws/build/lab2_pkg': CMAKE_PREFIX_PATH=/opt/ros/iron /usr/bin/cmake /home/barsotti/lab2_ws/src/lab2_pkg -DCMAKE_INSTALL_PREFIX=/home/barsotti/lab2_ws/install/lab2_pkg
[0.256s] -- The C compiler identification is GNU 11.4.0
[0.501s] -- The CXX compiler identification is GNU 11.4.0
[0.526s] -- Detecting C compiler ABI info
[0.681s] -- Detecting C compiler ABI info - done
[0.698s] -- Check for working C compiler: /usr/bin/cc - skipped
[0.702s] -- Detecting C compile features
[0.703s] -- Detecting C compile features - done
[0.711s] -- Detecting CXX compiler ABI info
[0.889s] -- Detecting CXX compiler ABI info - done
[0.906s] -- Check for working CXX compiler: /usr/bin/c++ - skipped
[0.906s] -- Detecting CXX compile features
[0.909s] -- Detecting CXX compile features - done
[0.918s] -- Found ament_cmake: 2.0.6 (/opt/ros/iron/share/ament_cmake/cmake)
[1.299s] -- Found Python3: /usr/bin/python3.10 (found version "3.10.12") found components: Interpreter 
[1.559s] -- Found rclcpp: 21.0.7 (/opt/ros/iron/share/rclcpp/cmake)
[1.704s] -- Found rosidl_generator_c: 4.0.1 (/opt/ros/iron/share/rosidl_generator_c/cmake)
[1.742s] -- Found rosidl_generator_cpp: 4.0.1 (/opt/ros/iron/share/rosidl_generator_cpp/cmake)
[1.800s] -- Using all available rosidl_typesupport_c: rosidl_typesupport_fastrtps_c;rosidl_typesupport_introspection_c
[1.869s] -- Using all available rosidl_typesupport_cpp: rosidl_typesupport_fastrtps_cpp;rosidl_typesupport_introspection_cpp
[2.374s] -- Found rmw_implementation_cmake: 7.1.0 (/opt/ros/iron/share/rmw_implementation_cmake/cmake)
[2.382s] -- Found rmw_fastrtps_cpp: 7.1.4 (/opt/ros/iron/share/rmw_fastrtps_cpp/cmake)
[2.699s] -- Found OpenSSL: /usr/lib/x86_64-linux-gnu/libcrypto.so (found version "3.0.2")  
[2.756s] -- Found FastRTPS: /opt/ros/iron/include  
[2.844s] -- Using RMW implementation 'rmw_fastrtps_cpp' as default
[3.330s] -- Found rclpy: 4.1.6 (/opt/ros/iron/share/rclpy/cmake)
[3.333s] -- Found ackermann_msgs: 2.0.2 (/opt/ros/iron/share/ackermann_msgs/cmake)
[3.793s] [31mCMake Error at /opt/ros/iron/share/ament_cmake_python/cmake/ament_python_install_package.cmake:66 (message):
[3.794s]   ament_python_install_package() the Python package folder
[3.794s]   '/home/barsotti/lab2_ws/src/lab2_pkg/lab2_pkg' doesn't contain an
[3.794s]   '__init__.py' file
[3.794s] Call Stack (most recent call first):
[3.795s]   /opt/ros/iron/share/ament_cmake_python/cmake/ament_python_install_package.cmake:39 (_ament_cmake_python_install_package)
[3.795s]   CMakeLists.txt:16 (ament_python_install_package)
[3.795s] 
[3.796s] [0m
[3.796s] -- Configuring incomplete, errors occurred!
[3.796s] See also "/home/barsotti/lab2_ws/build/lab2_pkg/CMakeFiles/CMakeOutput.log".
[3.816s] Invoked command in '/home/barsotti/lab2_ws/build/lab2_pkg' returned '1': CMAKE_PREFIX_PATH=/opt/ros/iron /usr/bin/cmake /home/barsotti/lab2_ws/src/lab2_pkg -DCMAKE_INSTALL_PREFIX=/home/barsotti/lab2_ws/install/lab2_pkg
