-- Found ament_cmake: 2.0.6 (/opt/ros/iron/share/ament_cmake/cmake)
-- Found rclcpp: 21.0.7 (/opt/ros/iron/share/rclcpp/cmake)
-- Found rosidl_generator_c: 4.0.1 (/opt/ros/iron/share/rosidl_generator_c/cmake)
-- Found rosidl_generator_cpp: 4.0.1 (/opt/ros/iron/share/rosidl_generator_cpp/cmake)
-- Using all available rosidl_typesupport_c: rosidl_typesupport_fastrtps_c;rosidl_typesupport_introspection_c
-- Using all available rosidl_typesupport_cpp: rosidl_typesupport_fastrtps_cpp;rosidl_typesupport_introspection_cpp
-- Found rmw_implementation_cmake: 7.1.0 (/opt/ros/iron/share/rmw_implementation_cmake/cmake)
-- Found rmw_fastrtps_cpp: 7.1.4 (/opt/ros/iron/share/rmw_fastrtps_cpp/cmake)
-- Using RMW implementation 'rmw_fastrtps_cpp' as default
-- Found rclpy: 4.1.6 (/opt/ros/iron/share/rclpy/cmake)
-- Found ackermann_msgs: 2.0.2 (/opt/ros/iron/share/ackermann_msgs/cmake)
-- Found ament_lint_auto: 0.14.4 (/opt/ros/iron/share/ament_lint_auto/cmake)
-- Added test 'flake8' to check Python code syntax and style conventions
-- Configured 'flake8' exclude dirs and/or files: 
-- Added test 'lint_cmake' to check CMake code style
-- Added test 'pep257' to check Python code against some of the docstring style conventions in PEP 257
-- Added test 'xmllint' to check XML markup files
-- Configuring done
-- Generating done
-- Build files have been written to: /home/barsotti/lab2_ws/build/lab2_pkg
Built target ament_cmake_python_copy_lab2_pkg
running egg_info
writing lab2_pkg.egg-info/PKG-INFO
writing dependency_links to lab2_pkg.egg-info/dependency_links.txt
writing top-level names to lab2_pkg.egg-info/top_level.txt
reading manifest file 'lab2_pkg.egg-info/SOURCES.txt'
writing manifest file 'lab2_pkg.egg-info/SOURCES.txt'
Built target ament_cmake_python_build_lab2_pkg_egg
-- Install configuration: ""
-- Up-to-date: /home/barsotti/lab2_ws/install/lab2_pkg/share/lab2_pkg/environment/pythonpath.sh
-- Up-to-date: /home/barsotti/lab2_ws/install/lab2_pkg/share/lab2_pkg/environment/pythonpath.dsv
-- Up-to-date: /home/barsotti/lab2_ws/install/lab2_pkg/lib/python3.10/site-packages/lab2_pkg-0.0.0-py3.10.egg-info
-- Installing: /home/barsotti/lab2_ws/install/lab2_pkg/lib/python3.10/site-packages/lab2_pkg-0.0.0-py3.10.egg-info/PKG-INFO
-- Installing: /home/barsotti/lab2_ws/install/lab2_pkg/lib/python3.10/site-packages/lab2_pkg-0.0.0-py3.10.egg-info/SOURCES.txt
-- Installing: /home/barsotti/lab2_ws/install/lab2_pkg/lib/python3.10/site-packages/lab2_pkg-0.0.0-py3.10.egg-info/dependency_links.txt
-- Installing: /home/barsotti/lab2_ws/install/lab2_pkg/lib/python3.10/site-packages/lab2_pkg-0.0.0-py3.10.egg-info/top_level.txt
-- Up-to-date: /home/barsotti/lab2_ws/install/lab2_pkg/lib/python3.10/site-packages/lab2_pkg
-- Up-to-date: /home/barsotti/lab2_ws/install/lab2_pkg/lib/python3.10/site-packages/lab2_pkg/__init__.py
Listing '/home/barsotti/lab2_ws/install/lab2_pkg/lib/python3.10/site-packages/lab2_pkg'...
-- Installing: /home/barsotti/lab2_ws/install/lab2_pkg/lib/lab2_pkg/safety_node.py
-- Up-to-date: /home/barsotti/lab2_ws/install/lab2_pkg/share/ament_index/resource_index/package_run_dependencies/lab2_pkg
-- Up-to-date: /home/barsotti/lab2_ws/install/lab2_pkg/share/ament_index/resource_index/parent_prefix_path/lab2_pkg
-- Up-to-date: /home/barsotti/lab2_ws/install/lab2_pkg/share/lab2_pkg/environment/ament_prefix_path.sh
-- Up-to-date: /home/barsotti/lab2_ws/install/lab2_pkg/share/lab2_pkg/environment/ament_prefix_path.dsv
-- Up-to-date: /home/barsotti/lab2_ws/install/lab2_pkg/share/lab2_pkg/environment/path.sh
-- Up-to-date: /home/barsotti/lab2_ws/install/lab2_pkg/share/lab2_pkg/environment/path.dsv
-- Up-to-date: /home/barsotti/lab2_ws/install/lab2_pkg/share/lab2_pkg/local_setup.bash
-- Up-to-date: /home/barsotti/lab2_ws/install/lab2_pkg/share/lab2_pkg/local_setup.sh
-- Up-to-date: /home/barsotti/lab2_ws/install/lab2_pkg/share/lab2_pkg/local_setup.zsh
-- Up-to-date: /home/barsotti/lab2_ws/install/lab2_pkg/share/lab2_pkg/local_setup.dsv
-- Installing: /home/barsotti/lab2_ws/install/lab2_pkg/share/lab2_pkg/package.dsv
-- Up-to-date: /home/barsotti/lab2_ws/install/lab2_pkg/share/ament_index/resource_index/packages/lab2_pkg
-- Up-to-date: /home/barsotti/lab2_ws/install/lab2_pkg/share/lab2_pkg/cmake/lab2_pkgConfig.cmake
-- Up-to-date: /home/barsotti/lab2_ws/install/lab2_pkg/share/lab2_pkg/cmake/lab2_pkgConfig-version.cmake
-- Up-to-date: /home/barsotti/lab2_ws/install/lab2_pkg/share/lab2_pkg/package.xml
