[0.013s] Invoking command in '/home/barsotti/lab2_ws/build/lab2_pkg': CMAKE_PREFIX_PATH=${CMAKE_PREFIX_PATH}:/opt/ros/iron /usr/bin/cmake --build /home/barsotti/lab2_ws/build/lab2_pkg -- -j4 -l4
[0.088s] Built target ament_cmake_python_copy_lab2_pkg
[0.419s] running egg_info
[0.420s] writing lab2_pkg.egg-info/PKG-INFO
[0.421s] writing dependency_links to lab2_pkg.egg-info/dependency_links.txt
[0.421s] writing top-level names to lab2_pkg.egg-info/top_level.txt
[0.424s] reading manifest file 'lab2_pkg.egg-info/SOURCES.txt'
[0.425s] writing manifest file 'lab2_pkg.egg-info/SOURCES.txt'
[0.462s] Built target ament_cmake_python_build_lab2_pkg_egg
[0.476s] Invoked command in '/home/barsotti/lab2_ws/build/lab2_pkg' returned '0': CMAKE_PREFIX_PATH=${CMAKE_PREFIX_PATH}:/opt/ros/iron /usr/bin/cmake --build /home/barsotti/lab2_ws/build/lab2_pkg -- -j4 -l4
[0.520s] Invoking command in '/home/barsotti/lab2_ws/build/lab2_pkg': CMAKE_PREFIX_PATH=${CMAKE_PREFIX_PATH}:/opt/ros/iron /usr/bin/cmake --install /home/barsotti/lab2_ws/build/lab2_pkg
[0.530s] -- Install configuration: ""
[0.530s] -- Up-to-date: /home/barsotti/lab2_ws/install/lab2_pkg/share/lab2_pkg/environment/pythonpath.sh
[0.530s] -- Up-to-date: /home/barsotti/lab2_ws/install/lab2_pkg/share/lab2_pkg/environment/pythonpath.dsv
[0.531s] -- Up-to-date: /home/barsotti/lab2_ws/install/lab2_pkg/lib/python3.10/site-packages/lab2_pkg-0.0.0-py3.10.egg-info
[0.531s] -- Installing: /home/barsotti/lab2_ws/install/lab2_pkg/lib/python3.10/site-packages/lab2_pkg-0.0.0-py3.10.egg-info/PKG-INFO
[0.531s] -- Installing: /home/barsotti/lab2_ws/install/lab2_pkg/lib/python3.10/site-packages/lab2_pkg-0.0.0-py3.10.egg-info/SOURCES.txt
[0.531s] -- Installing: /home/barsotti/lab2_ws/install/lab2_pkg/lib/python3.10/site-packages/lab2_pkg-0.0.0-py3.10.egg-info/dependency_links.txt
[0.531s] -- Installing: /home/barsotti/lab2_ws/install/lab2_pkg/lib/python3.10/site-packages/lab2_pkg-0.0.0-py3.10.egg-info/top_level.txt
[0.531s] -- Up-to-date: /home/barsotti/lab2_ws/install/lab2_pkg/lib/python3.10/site-packages/lab2_pkg
[0.532s] -- Up-to-date: /home/barsotti/lab2_ws/install/lab2_pkg/lib/python3.10/site-packages/lab2_pkg/__init__.py
[0.570s] Listing '/home/barsotti/lab2_ws/install/lab2_pkg/lib/python3.10/site-packages/lab2_pkg'...
[0.576s] -- Installing: /home/barsotti/lab2_ws/install/lab2_pkg/lib/lab2_pkg/safety_node.py
[0.576s] -- Up-to-date: /home/barsotti/lab2_ws/install/lab2_pkg/share/ament_index/resource_index/package_run_dependencies/lab2_pkg
[0.576s] -- Up-to-date: /home/barsotti/lab2_ws/install/lab2_pkg/share/ament_index/resource_index/parent_prefix_path/lab2_pkg
[0.576s] -- Up-to-date: /home/barsotti/lab2_ws/install/lab2_pkg/share/lab2_pkg/environment/ament_prefix_path.sh
[0.577s] -- Up-to-date: /home/barsotti/lab2_ws/install/lab2_pkg/share/lab2_pkg/environment/ament_prefix_path.dsv
[0.577s] -- Up-to-date: /home/barsotti/lab2_ws/install/lab2_pkg/share/lab2_pkg/environment/path.sh
[0.577s] -- Up-to-date: /home/barsotti/lab2_ws/install/lab2_pkg/share/lab2_pkg/environment/path.dsv
[0.577s] -- Up-to-date: /home/barsotti/lab2_ws/install/lab2_pkg/share/lab2_pkg/local_setup.bash
[0.577s] -- Up-to-date: /home/barsotti/lab2_ws/install/lab2_pkg/share/lab2_pkg/local_setup.sh
[0.577s] -- Up-to-date: /home/barsotti/lab2_ws/install/lab2_pkg/share/lab2_pkg/local_setup.zsh
[0.578s] -- Up-to-date: /home/barsotti/lab2_ws/install/lab2_pkg/share/lab2_pkg/local_setup.dsv
[0.578s] -- Installing: /home/barsotti/lab2_ws/install/lab2_pkg/share/lab2_pkg/package.dsv
[0.578s] -- Up-to-date: /home/barsotti/lab2_ws/install/lab2_pkg/share/ament_index/resource_index/packages/lab2_pkg
[0.578s] -- Up-to-date: /home/barsotti/lab2_ws/install/lab2_pkg/share/lab2_pkg/cmake/lab2_pkgConfig.cmake
[0.578s] -- Up-to-date: /home/barsotti/lab2_ws/install/lab2_pkg/share/lab2_pkg/cmake/lab2_pkgConfig-version.cmake
[0.578s] -- Up-to-date: /home/barsotti/lab2_ws/install/lab2_pkg/share/lab2_pkg/package.xml
[0.581s] Invoked command in '/home/barsotti/lab2_ws/build/lab2_pkg' returned '0': CMAKE_PREFIX_PATH=${CMAKE_PREFIX_PATH}:/opt/ros/iron /usr/bin/cmake --install /home/barsotti/lab2_ws/build/lab2_pkg
