[0.017s] Invoking command in '/home/barsotti/lab2_ws/build/lab2_pkg': CMAKE_PREFIX_PATH=${CMAKE_PREFIX_PATH}:/opt/ros/iron /usr/bin/cmake --build /home/barsotti/lab2_ws/build/lab2_pkg -- -j4 -l4
[0.095s] Built target ament_cmake_python_copy_lab2_pkg
[0.466s] running egg_info
[0.467s] writing lab2_pkg.egg-info/PKG-INFO
[0.467s] writing dependency_links to lab2_pkg.egg-info/dependency_links.txt
[0.467s] writing top-level names to lab2_pkg.egg-info/top_level.txt
[0.471s] reading manifest file 'lab2_pkg.egg-info/SOURCES.txt'
[0.471s] writing manifest file 'lab2_pkg.egg-info/SOURCES.txt'
[0.507s] Built target ament_cmake_python_build_lab2_pkg_egg
[0.522s] Invoked command in '/home/barsotti/lab2_ws/build/lab2_pkg' returned '0': CMAKE_PREFIX_PATH=${CMAKE_PREFIX_PATH}:/opt/ros/iron /usr/bin/cmake --build /home/barsotti/lab2_ws/build/lab2_pkg -- -j4 -l4
[0.569s] Invoking command in '/home/barsotti/lab2_ws/build/lab2_pkg': CMAKE_PREFIX_PATH=${CMAKE_PREFIX_PATH}:/opt/ros/iron /usr/bin/cmake --install /home/barsotti/lab2_ws/build/lab2_pkg
[0.578s] -- Install configuration: ""
[0.578s] -- Up-to-date: /home/barsotti/lab2_ws/install/lab2_pkg/share/lab2_pkg/environment/pythonpath.sh
[0.578s] -- Up-to-date: /home/barsotti/lab2_ws/install/lab2_pkg/share/lab2_pkg/environment/pythonpath.dsv
[0.579s] -- Up-to-date: /home/barsotti/lab2_ws/install/lab2_pkg/lib/python3.10/site-packages/lab2_pkg-0.0.0-py3.10.egg-info
[0.579s] -- Installing: /home/barsotti/lab2_ws/install/lab2_pkg/lib/python3.10/site-packages/lab2_pkg-0.0.0-py3.10.egg-info/PKG-INFO
[0.579s] -- Installing: /home/barsotti/lab2_ws/install/lab2_pkg/lib/python3.10/site-packages/lab2_pkg-0.0.0-py3.10.egg-info/SOURCES.txt
[0.579s] -- Installing: /home/barsotti/lab2_ws/install/lab2_pkg/lib/python3.10/site-packages/lab2_pkg-0.0.0-py3.10.egg-info/dependency_links.txt
[0.579s] -- Installing: /home/barsotti/lab2_ws/install/lab2_pkg/lib/python3.10/site-packages/lab2_pkg-0.0.0-py3.10.egg-info/top_level.txt
[0.579s] -- Up-to-date: /home/barsotti/lab2_ws/install/lab2_pkg/lib/python3.10/site-packages/lab2_pkg
[0.579s] -- Up-to-date: /home/barsotti/lab2_ws/install/lab2_pkg/lib/python3.10/site-packages/lab2_pkg/__init__.py
[0.619s] Listing '/home/barsotti/lab2_ws/install/lab2_pkg/lib/python3.10/site-packages/lab2_pkg'...
[0.625s] -- Installing: /home/barsotti/lab2_ws/install/lab2_pkg/lib/lab2_pkg/safety_node.py
[0.625s] -- Up-to-date: /home/barsotti/lab2_ws/install/lab2_pkg/share/ament_index/resource_index/package_run_dependencies/lab2_pkg
[0.625s] -- Up-to-date: /home/barsotti/lab2_ws/install/lab2_pkg/share/ament_index/resource_index/parent_prefix_path/lab2_pkg
[0.625s] -- Up-to-date: /home/barsotti/lab2_ws/install/lab2_pkg/share/lab2_pkg/environment/ament_prefix_path.sh
[0.625s] -- Up-to-date: /home/barsotti/lab2_ws/install/lab2_pkg/share/lab2_pkg/environment/ament_prefix_path.dsv
[0.626s] -- Up-to-date: /home/barsotti/lab2_ws/install/lab2_pkg/share/lab2_pkg/environment/path.sh
[0.626s] -- Up-to-date: /home/barsotti/lab2_ws/install/lab2_pkg/share/lab2_pkg/environment/path.dsv
[0.626s] -- Up-to-date: /home/barsotti/lab2_ws/install/lab2_pkg/share/lab2_pkg/local_setup.bash
[0.626s] -- Up-to-date: /home/barsotti/lab2_ws/install/lab2_pkg/share/lab2_pkg/local_setup.sh
[0.626s] -- Up-to-date: /home/barsotti/lab2_ws/install/lab2_pkg/share/lab2_pkg/local_setup.zsh
[0.626s] -- Up-to-date: /home/barsotti/lab2_ws/install/lab2_pkg/share/lab2_pkg/local_setup.dsv
[0.627s] -- Installing: /home/barsotti/lab2_ws/install/lab2_pkg/share/lab2_pkg/package.dsv
[0.627s] -- Up-to-date: /home/barsotti/lab2_ws/install/lab2_pkg/share/ament_index/resource_index/packages/lab2_pkg
[0.627s] -- Up-to-date: /home/barsotti/lab2_ws/install/lab2_pkg/share/lab2_pkg/cmake/lab2_pkgConfig.cmake
[0.627s] -- Up-to-date: /home/barsotti/lab2_ws/install/lab2_pkg/share/lab2_pkg/cmake/lab2_pkgConfig-version.cmake
[0.627s] -- Up-to-date: /home/barsotti/lab2_ws/install/lab2_pkg/share/lab2_pkg/package.xml
[0.630s] Invoked command in '/home/barsotti/lab2_ws/build/lab2_pkg' returned '0': CMAKE_PREFIX_PATH=${CMAKE_PREFIX_PATH}:/opt/ros/iron /usr/bin/cmake --install /home/barsotti/lab2_ws/build/lab2_pkg
